This is pdfTeX, Version 3.14159265-2.6-1.40.18 (TeX Live 2017) (preloaded format=pdflatex 2017.5.23)  15 DEC 2021 15:36
entering extended mode
 restricted \write18 enabled.
 file:line:error style messages enabled.
 %&-line parsing enabled.
**Final_Report.tex
(./Final_Report.tex
LaTeX2e <2017-04-15>
Babel <3.10> and hyphenation patterns for 84 language(s) loaded.
(/usr/local/texlive/2017/texmf-dist/tex/latex/base/article.cls
Document Class: article 2014/09/29 v1.4h Standard LaTeX document class
(/usr/local/texlive/2017/texmf-dist/tex/latex/base/size10.clo
File: size10.clo 2014/09/29 v1.4h Standard LaTeX file (size option)
)
\c@part=\count79
\c@section=\count80
\c@subsection=\count81
\c@subsubsection=\count82
\c@paragraph=\count83
\c@subparagraph=\count84
\c@figure=\count85
\c@table=\count86
\abovecaptionskip=\skip41
\belowcaptionskip=\skip42
\bibindent=\dimen102
)
(/usr/local/texlive/2017/texmf-dist/tex/latex/float/float.sty
Package: float 2001/11/08 v1.3d Float enhancements (AL)
\c@float@type=\count87
\float@exts=\toks14
\float@box=\box26
\@float@everytoks=\toks15
\@floatcapt=\box27
)
(/usr/local/texlive/2017/texmf-dist/tex/generic/babel/babel.sty
Package: babel 2017/05/19 3.10 The Babel package

(/usr/local/texlive/2017/texmf-dist/tex/generic/babel-english/english.ldf
Language: english 2017/01/24 v3.3q English support from the babel system

(/usr/local/texlive/2017/texmf-dist/tex/generic/babel/babel.def
File: babel.def 2017/05/19 3.10 Babel common definitions
\babel@savecnt=\count88
\U@D=\dimen103
)
\l@canadian = a dialect from \language\l@american 
\l@australian = a dialect from \language\l@british 
\l@newzealand = a dialect from \language\l@british 
))
(/usr/local/texlive/2017/texmf-dist/tex/latex/geometry/geometry.sty
Package: geometry 2010/09/12 v5.6 Page Geometry

(/usr/local/texlive/2017/texmf-dist/tex/latex/graphics/keyval.sty
Package: keyval 2014/10/28 v1.15 key=value parser (DPC)
\KV@toks@=\toks16
)
(/usr/local/texlive/2017/texmf-dist/tex/generic/oberdiek/ifpdf.sty
Package: ifpdf 2017/03/15 v3.2 Provides the ifpdf switch
)
(/usr/local/texlive/2017/texmf-dist/tex/generic/oberdiek/ifvtex.sty
Package: ifvtex 2016/05/16 v1.6 Detect VTeX and its facilities (HO)
Package ifvtex Info: VTeX not detected.
)
(/usr/local/texlive/2017/texmf-dist/tex/generic/ifxetex/ifxetex.sty
Package: ifxetex 2010/09/12 v0.6 Provides ifxetex conditional
)
\Gm@cnth=\count89
\Gm@cntv=\count90
\c@Gm@tempcnt=\count91
\Gm@bindingoffset=\dimen104
\Gm@wd@mp=\dimen105
\Gm@odd@mp=\dimen106
\Gm@even@mp=\dimen107
\Gm@layoutwidth=\dimen108
\Gm@layoutheight=\dimen109
\Gm@layouthoffset=\dimen110
\Gm@layoutvoffset=\dimen111
\Gm@dimlist=\toks17
)
(/usr/local/texlive/2017/texmf-dist/tex/latex/amsmath/amsmath.sty
Package: amsmath 2016/11/05 v2.16a AMS math features
\@mathmargin=\skip43

For additional information on amsmath, use the `?' option.
(/usr/local/texlive/2017/texmf-dist/tex/latex/amsmath/amstext.sty
Package: amstext 2000/06/29 v2.01 AMS text

(/usr/local/texlive/2017/texmf-dist/tex/latex/amsmath/amsgen.sty
File: amsgen.sty 1999/11/30 v2.0 generic functions
\@emptytoks=\toks18
\ex@=\dimen112
))
(/usr/local/texlive/2017/texmf-dist/tex/latex/amsmath/amsbsy.sty
Package: amsbsy 1999/11/29 v1.2d Bold Symbols
\pmbraise@=\dimen113
)
(/usr/local/texlive/2017/texmf-dist/tex/latex/amsmath/amsopn.sty
Package: amsopn 2016/03/08 v2.02 operator names
)
\inf@bad=\count92
LaTeX Info: Redefining \frac on input line 213.
\uproot@=\count93
\leftroot@=\count94
LaTeX Info: Redefining \overline on input line 375.
\classnum@=\count95
\DOTSCASE@=\count96
LaTeX Info: Redefining \ldots on input line 472.
LaTeX Info: Redefining \dots on input line 475.
LaTeX Info: Redefining \cdots on input line 596.
\Mathstrutbox@=\box28
\strutbox@=\box29
\big@size=\dimen114
LaTeX Font Info:    Redeclaring font encoding OML on input line 712.
LaTeX Font Info:    Redeclaring font encoding OMS on input line 713.
\macc@depth=\count97
\c@MaxMatrixCols=\count98
\dotsspace@=\muskip10
\c@parentequation=\count99
\dspbrk@lvl=\count100
\tag@help=\toks19
\row@=\count101
\column@=\count102
\maxfields@=\count103
\andhelp@=\toks20
\eqnshift@=\dimen115
\alignsep@=\dimen116
\tagshift@=\dimen117
\tagwidth@=\dimen118
\totwidth@=\dimen119
\lineht@=\dimen120
\@envbody=\toks21
\multlinegap=\skip44
\multlinetaggap=\skip45
\mathdisplay@stack=\toks22
LaTeX Info: Redefining \[ on input line 2817.
LaTeX Info: Redefining \] on input line 2818.
)
(/usr/local/texlive/2017/texmf-dist/tex/latex/graphics/graphicx.sty
Package: graphicx 2014/10/28 v1.0g Enhanced LaTeX Graphics (DPC,SPQR)

(/usr/local/texlive/2017/texmf-dist/tex/latex/graphics/graphics.sty
Package: graphics 2017/04/14 v1.1b Standard LaTeX Graphics (DPC,SPQR)

(/usr/local/texlive/2017/texmf-dist/tex/latex/graphics/trig.sty
Package: trig 2016/01/03 v1.10 sin cos tan (DPC)
)
(/usr/local/texlive/2017/texmf-dist/tex/latex/graphics-cfg/graphics.cfg
File: graphics.cfg 2016/06/04 v1.11 sample graphics configuration
)
Package graphics Info: Driver file: pdftex.def on input line 99.

(/usr/local/texlive/2017/texmf-dist/tex/latex/graphics-def/pdftex.def
File: pdftex.def 2017/01/12 v0.06k Graphics/color for pdfTeX

(/usr/local/texlive/2017/texmf-dist/tex/generic/oberdiek/infwarerr.sty
Package: infwarerr 2016/05/16 v1.4 Providing info/warning/error messages (HO)
)
(/usr/local/texlive/2017/texmf-dist/tex/generic/oberdiek/ltxcmds.sty
Package: ltxcmds 2016/05/16 v1.23 LaTeX kernel commands for general use (HO)
)
\Gread@gobject=\count104
))
\Gin@req@height=\dimen121
\Gin@req@width=\dimen122
)
(/usr/local/texlive/2017/texmf-dist/tex/latex/hyperref/hyperref.sty
Package: hyperref 2017/03/14 v6.85a Hypertext links for LaTeX

(/usr/local/texlive/2017/texmf-dist/tex/generic/oberdiek/hobsub-hyperref.sty
Package: hobsub-hyperref 2016/05/16 v1.14 Bundle oberdiek, subset hyperref (HO)


(/usr/local/texlive/2017/texmf-dist/tex/generic/oberdiek/hobsub-generic.sty
Package: hobsub-generic 2016/05/16 v1.14 Bundle oberdiek, subset generic (HO)
Package: hobsub 2016/05/16 v1.14 Construct package bundles (HO)
Package hobsub Info: Skipping package `infwarerr' (already loaded).
Package hobsub Info: Skipping package `ltxcmds' (already loaded).
Package: ifluatex 2016/05/16 v1.4 Provides the ifluatex switch (HO)
Package ifluatex Info: LuaTeX not detected.
Package hobsub Info: Skipping package `ifvtex' (already loaded).
Package: intcalc 2016/05/16 v1.2 Expandable calculations with integers (HO)
Package hobsub Info: Skipping package `ifpdf' (already loaded).
Package: etexcmds 2016/05/16 v1.6 Avoid name clashes with e-TeX commands (HO)
Package etexcmds Info: Could not find \expanded.
(etexcmds)             That can mean that you are not using pdfTeX 1.50 or
(etexcmds)             that some package has redefined \expanded.
(etexcmds)             In the latter case, load this package earlier.
Package: kvsetkeys 2016/05/16 v1.17 Key value parser (HO)
Package: kvdefinekeys 2016/05/16 v1.4 Define keys (HO)
Package: pdftexcmds 2017/03/19 v0.25 Utility functions of pdfTeX for LuaTeX (HO
)
Package pdftexcmds Info: LuaTeX not detected.
Package pdftexcmds Info: \pdf@primitive is available.
Package pdftexcmds Info: \pdf@ifprimitive is available.
Package pdftexcmds Info: \pdfdraftmode found.
Package: pdfescape 2016/05/16 v1.14 Implements pdfTeX's escape features (HO)
Package: bigintcalc 2016/05/16 v1.4 Expandable calculations on big integers (HO
)
Package: bitset 2016/05/16 v1.2 Handle bit-vector datatype (HO)
Package: uniquecounter 2016/05/16 v1.3 Provide unlimited unique counter (HO)
)
Package hobsub Info: Skipping package `hobsub' (already loaded).
Package: letltxmacro 2016/05/16 v1.5 Let assignment for LaTeX macros (HO)
Package: hopatch 2016/05/16 v1.3 Wrapper for package hooks (HO)
Package: xcolor-patch 2016/05/16 xcolor patch
Package: atveryend 2016/05/16 v1.9 Hooks at the very end of document (HO)
Package atveryend Info: \enddocument detected (standard20110627).
Package: atbegshi 2016/06/09 v1.18 At begin shipout hook (HO)
Package: refcount 2016/05/16 v3.5 Data extraction from label references (HO)
Package: hycolor 2016/05/16 v1.8 Color options for hyperref/bookmark (HO)
)
(/usr/local/texlive/2017/texmf-dist/tex/latex/oberdiek/auxhook.sty
Package: auxhook 2016/05/16 v1.4 Hooks for auxiliary files (HO)
)
(/usr/local/texlive/2017/texmf-dist/tex/latex/oberdiek/kvoptions.sty
Package: kvoptions 2016/05/16 v3.12 Key value format for package options (HO)
)
\@linkdim=\dimen123
\Hy@linkcounter=\count105
\Hy@pagecounter=\count106

(/usr/local/texlive/2017/texmf-dist/tex/latex/hyperref/pd1enc.def
File: pd1enc.def 2017/03/14 v6.85a Hyperref: PDFDocEncoding definition (HO)
)
\Hy@SavedSpaceFactor=\count107

(/usr/local/texlive/2017/texmf-dist/tex/latex/latexconfig/hyperref.cfg
File: hyperref.cfg 2002/06/06 v1.2 hyperref configuration of TeXLive
)
Package hyperref Info: Option `colorlinks' set `true' on input line 4374.
Package hyperref Info: Hyper figures OFF on input line 4498.
Package hyperref Info: Link nesting OFF on input line 4503.
Package hyperref Info: Hyper index ON on input line 4506.
Package hyperref Info: Plain pages OFF on input line 4513.
Package hyperref Info: Backreferencing OFF on input line 4518.
Package hyperref Info: Implicit mode ON; LaTeX internals redefined.
Package hyperref Info: Bookmarks ON on input line 4751.
\c@Hy@tempcnt=\count108

(/usr/local/texlive/2017/texmf-dist/tex/latex/url/url.sty
\Urlmuskip=\muskip11
Package: url 2013/09/16  ver 3.4  Verb mode for urls, etc.
)
LaTeX Info: Redefining \url on input line 5104.
\XeTeXLinkMargin=\dimen124
\Fld@menulength=\count109
\Field@Width=\dimen125
\Fld@charsize=\dimen126
Package hyperref Info: Hyper figures OFF on input line 6358.
Package hyperref Info: Link nesting OFF on input line 6363.
Package hyperref Info: Hyper index ON on input line 6366.
Package hyperref Info: backreferencing OFF on input line 6373.
Package hyperref Info: Link coloring ON on input line 6376.
Package hyperref Info: Link coloring with OCG OFF on input line 6383.
Package hyperref Info: PDF/A mode OFF on input line 6388.
LaTeX Info: Redefining \ref on input line 6428.
LaTeX Info: Redefining \pageref on input line 6432.
\Hy@abspage=\count110
\c@Item=\count111
\c@Hfootnote=\count112
)

Package hyperref Message: Driver (autodetected): hpdftex.

(/usr/local/texlive/2017/texmf-dist/tex/latex/hyperref/hpdftex.def
File: hpdftex.def 2017/03/14 v6.85a Hyperref driver for pdfTeX
\Fld@listcount=\count113
\c@bookmark@seq@number=\count114

(/usr/local/texlive/2017/texmf-dist/tex/latex/oberdiek/rerunfilecheck.sty
Package: rerunfilecheck 2016/05/16 v1.8 Rerun checks for auxiliary files (HO)
Package uniquecounter Info: New unique counter `rerunfilecheck' on input line 2
82.
)
\Hy@SectionHShift=\skip46
)
(./Final_Report.aux)
\openout1 = `Final_Report.aux'.

LaTeX Font Info:    Checking defaults for OML/cmm/m/it on input line 21.
LaTeX Font Info:    ... okay on input line 21.
LaTeX Font Info:    Checking defaults for T1/cmr/m/n on input line 21.
LaTeX Font Info:    ... okay on input line 21.
LaTeX Font Info:    Checking defaults for OT1/cmr/m/n on input line 21.
LaTeX Font Info:    ... okay on input line 21.
LaTeX Font Info:    Checking defaults for OMS/cmsy/m/n on input line 21.
LaTeX Font Info:    ... okay on input line 21.
LaTeX Font Info:    Checking defaults for OMX/cmex/m/n on input line 21.
LaTeX Font Info:    ... okay on input line 21.
LaTeX Font Info:    Checking defaults for U/cmr/m/n on input line 21.
LaTeX Font Info:    ... okay on input line 21.
LaTeX Font Info:    Checking defaults for PD1/pdf/m/n on input line 21.
LaTeX Font Info:    ... okay on input line 21.

*geometry* driver: auto-detecting
*geometry* detected driver: pdftex
*geometry* verbose mode - [ preamble ] result:
* driver: pdftex
* paper: letterpaper
* layout: <same size as paper>
* layoutoffset:(h,v)=(0.0pt,0.0pt)
* modes: 
* h-part:(L,W,R)=(42.67912pt, 528.93675pt, 42.67912pt)
* v-part:(T,H,B)=(42.67912pt, 709.61174pt, 42.67912pt)
* \paperwidth=614.295pt
* \paperheight=794.96999pt
* \textwidth=528.93675pt
* \textheight=709.61174pt
* \oddsidemargin=-29.59087pt
* \evensidemargin=-29.59087pt
* \topmargin=-66.59087pt
* \headheight=12.0pt
* \headsep=25.0pt
* \topskip=10.0pt
* \footskip=30.0pt
* \marginparwidth=49.79231pt
* \marginparsep=11.0pt
* \columnsep=10.0pt
* \skip\footins=9.0pt plus 4.0pt minus 2.0pt
* \hoffset=0.0pt
* \voffset=0.0pt
* \mag=1000
* \@twocolumnfalse
* \@twosidefalse
* \@mparswitchfalse
* \@reversemarginfalse
* (1in=72.27pt=25.4mm, 1cm=28.453pt)

(/usr/local/texlive/2017/texmf-dist/tex/context/base/mkii/supp-pdf.mkii
[Loading MPS to PDF converter (version 2006.09.02).]
\scratchcounter=\count115
\scratchdimen=\dimen127
\scratchbox=\box30
\nofMPsegments=\count116
\nofMParguments=\count117
\everyMPshowfont=\toks23
\MPscratchCnt=\count118
\MPscratchDim=\dimen128
\MPnumerator=\count119
\makeMPintoPDFobject=\count120
\everyMPtoPDFconversion=\toks24
) (/usr/local/texlive/2017/texmf-dist/tex/latex/oberdiek/epstopdf-base.sty
Package: epstopdf-base 2016/05/15 v2.6 Base part for package epstopdf

(/usr/local/texlive/2017/texmf-dist/tex/latex/oberdiek/grfext.sty
Package: grfext 2016/05/16 v1.2 Manage graphics extensions (HO)
)
Package epstopdf-base Info: Redefining graphics rule for `.eps' on input line 4
38.
Package grfext Info: Graphics extension search list:
(grfext)             [.png,.pdf,.jpg,.mps,.jpeg,.jbig2,.jb2,.PNG,.PDF,.JPG,.JPE
G,.JBIG2,.JB2,.eps]
(grfext)             \AppendGraphicsExtensions on input line 456.

(/usr/local/texlive/2017/texmf-dist/tex/latex/latexconfig/epstopdf-sys.cfg
File: epstopdf-sys.cfg 2010/07/13 v1.3 Configuration of (r)epstopdf for TeX Liv
e
))
\AtBeginShipoutBox=\box31

(/usr/local/texlive/2017/texmf-dist/tex/latex/graphics/color.sty
Package: color 2016/07/10 v1.1e Standard LaTeX Color (DPC)

(/usr/local/texlive/2017/texmf-dist/tex/latex/graphics-cfg/color.cfg
File: color.cfg 2016/01/02 v1.6 sample color configuration
)
Package color Info: Driver file: pdftex.def on input line 147.
)
Package hyperref Info: Link coloring ON on input line 21.

(/usr/local/texlive/2017/texmf-dist/tex/latex/hyperref/nameref.sty
Package: nameref 2016/05/21 v2.44 Cross-referencing by name of section

(/usr/local/texlive/2017/texmf-dist/tex/generic/oberdiek/gettitlestring.sty
Package: gettitlestring 2016/05/16 v1.5 Cleanup title references (HO)
)
\c@section@level=\count121
)
LaTeX Info: Redefining \ref on input line 21.
LaTeX Info: Redefining \pageref on input line 21.
LaTeX Info: Redefining \nameref on input line 21.

(./Final_Report.out) (./Final_Report.out)
\@outlinefile=\write3
\openout3 = `Final_Report.out'.

 [1

{/usr/local/texlive/2017/texmf-var/fonts/map/pdftex/updmap/pdftex.map}]
<images/election_climate_beliefs_map_in_group_comp.png, id=86, 2409.0pt x 1505.
625pt>
File: images/election_climate_beliefs_map_in_group_comp.png Graphic file (type 
png)
 <use images/election_climate_beliefs_map_in_group_comp.png>
Package pdftex.def Info: images/election_climate_beliefs_map_in_group_comp.png 
used on input line 167.
(pdftex.def)             Requested size: 542.03838pt x 338.77399pt.

Overfull \hbox (13.10162pt too wide) in paragraph at lines 167--168
 [][] 
 []

[2] <images/fema_events_maps_combined.png, id=92, 3011.25pt x 3613.5pt>
File: images/fema_events_maps_combined.png Graphic file (type png)

<use images/fema_events_maps_combined.png>
Package pdftex.def Info: images/fema_events_maps_combined.png used on input lin
e 174.
(pdftex.def)             Requested size: 526.97665pt x 632.37198pt.
 [3 <./images/election_climate_beliefs_map_in_group_comp.png>] [4 <./images/fem
a_events_maps_combined.png>]
<images/election_party_anova.png, id=105, 2409.0pt x 1505.625pt>
File: images/election_party_anova.png Graphic file (type png)

<use images/election_party_anova.png>
Package pdftex.def Info: images/election_party_anova.png used on input line 191
.
(pdftex.def)             Requested size: 481.79147pt x 301.11966pt.
 [5]
<images/matching_balance_plot.png, id=110, 2409.0pt x 1204.5pt>
File: images/matching_balance_plot.png Graphic file (type png)

<use images/matching_balance_plot.png>
Package pdftex.def Info: images/matching_balance_plot.png used on input line 20
4.
(pdftex.def)             Requested size: 481.79147pt x 240.89574pt.
 [6 <./images/election_party_anova.png>]
[7 <./images/matching_balance_plot.png>]
<images/regression_summary.png, id=124, 599.23875pt x 487.8225pt>
File: images/regression_summary.png Graphic file (type png)

<use images/regression_summary.png>
Package pdftex.def Info: images/regression_summary.png used on input line 219.
(pdftex.def)             Requested size: 239.69125pt x 195.12553pt.
 [8 <./images/regression_summary.png>]
[9]
LaTeX Font Info:    Try loading font information for OMS+cmr on input line 258.

 (/usr/local/texlive/2017/texmf-dist/tex/latex/base/omscmr.fd
File: omscmr.fd 2014/09/29 v2.5h Standard LaTeX font definitions
)
LaTeX Font Info:    Font shape `OMS/cmr/m/n' in size <10> not available
(Font)              Font shape `OMS/cmsy/m/n' tried instead on input line 258.

Overfull \hbox (13.68613pt too wide) in paragraph at lines 258--259
[]\OT1/cmr/m/n/10 Guardian ar-ti-cle about cur-rent cli-mate change cri-sis: []
[]$\OT1/cmtt/m/n/10 https : / / www . theguardian . com / environment / ng-[]in
teractive /
 []


Overfull \hbox (30.31093pt too wide) in paragraph at lines 259--260
[]\OT1/cmr/m/n/10 Organization for cli-mate change com-mu-ni-ca-tion: [][]$\OT1
/cmtt/m/n/10 https : / / climate-[]xchange . org / communicating-[]the-[]climat
e-[]crisis/$[][] 
 []

[10] <images/response_qqplot.png, id=153, 803.0pt x 501.875pt>
File: images/response_qqplot.png Graphic file (type png)

<use images/response_qqplot.png>
Package pdftex.def Info: images/response_qqplot.png used on input line 282.
(pdftex.def)             Requested size: 401.49902pt x 250.93687pt.

<images/regression_residuals_hist.png, id=154, 803.0pt x 501.875pt>
File: images/regression_residuals_hist.png Graphic file (type png)

<use images/regression_residuals_hist.png>
Package pdftex.def Info: images/regression_residuals_hist.png used on input lin
e 288.
(pdftex.def)             Requested size: 401.49902pt x 250.93687pt.

<images/regression_variance_check.png, id=155, 803.0pt x 501.875pt>
File: images/regression_variance_check.png Graphic file (type png)

<use images/regression_variance_check.png>
Package pdftex.def Info: images/regression_variance_check.png used on input lin
e 294.
(pdftex.def)             Requested size: 401.49902pt x 250.93687pt.
 [11 <./images/response_qqplot.png> <./images/regression_residuals_hist.png>]
Package atveryend Info: Empty hook `BeforeClearDocument' on input line 300.
 [12 <./images/regression_variance_check.png>]
Package atveryend Info: Empty hook `AfterLastShipout' on input line 300.
 (./Final_Report.aux)
Package atveryend Info: Executing hook `AtVeryEndDocument' on input line 300.
Package atveryend Info: Executing hook `AtEndAfterFileList' on input line 300.
Package rerunfilecheck Info: File `Final_Report.out' has not changed.
(rerunfilecheck)             Checksum: 3B7A05A163D57D80A4412D666806DBB6;1352.
Package atveryend Info: Empty hook `AtVeryVeryEnd' on input line 300.
 ) 
Here is how much of TeX's memory you used:
 6741 strings out of 492995
 98617 string characters out of 6132704
 204442 words of memory out of 5000000
 10180 multiletter control sequences out of 15000+600000
 8883 words of font info for 33 fonts, out of 8000000 for 9000
 1141 hyphenation exceptions out of 8191
 28i,9n,28p,1664b,341s stack positions out of 5000i,500n,10000p,200000b,80000s
</usr/local/texlive/2017/texmf-dist/fonts/type1/public/amsfonts/cm/cmbx12.pfb
></usr/local/texlive/2017/texmf-dist/fonts/type1/public/amsfonts/cm/cmmi10.pfb>
</usr/local/texlive/2017/texmf-dist/fonts/type1/public/amsfonts/cm/cmr10.pfb></
usr/local/texlive/2017/texmf-dist/fonts/type1/public/amsfonts/cm/cmr12.pfb></us
r/local/texlive/2017/texmf-dist/fonts/type1/public/amsfonts/cm/cmr17.pfb></usr/
local/texlive/2017/texmf-dist/fonts/type1/public/amsfonts/cm/cmsy10.pfb></usr/l
ocal/texlive/2017/texmf-dist/fonts/type1/public/amsfonts/cm/cmtt10.pfb>
Output written on Final_Report.pdf (12 pages, 4262549 bytes).
PDF statistics:
 206 PDF objects out of 1000 (max. 8388607)
 167 compressed objects within 2 object streams
 40 named destinations out of 1000 (max. 500000)
 185 words of extra memory for PDF output out of 10000 (max. 10000000)

